#
# There is insufficient memory for the Java Runtime Environment to continue.
# Native memory allocation (malloc) failed to allocate 1048576 bytes for AllocateHeap
# Possible reasons:
#   The system is out of physical RAM or swap space
#   In 32 bit mode, the process size limit was hit
# Possible solutions:
#   Reduce memory load on the system
#   Increase physical memory or swap space
#   Check if swap backing store is full
#   Use 64 bit Java on a 64 bit OS
#   Decrease Java heap size (-Xmx/-Xms)
#   Decrease number of Java threads
#   Decrease Java thread stack sizes (-Xss)
#   Set larger code cache with -XX:ReservedCodeCacheSize=
# This output file may be truncated or incomplete.
#
#  Out of Memory Error (memory/allocation.inline.hpp:61), pid=4808, tid=13452
#
# JRE version:  (8.0_40-b26) (build )
# Java VM: Java HotSpot(TM) 64-Bit Server VM (25.40-b25 mixed mode windows-amd64 compressed oops)
# Failed to write core dump. Minidumps are not enabled by default on client versions of Windows
#

---------------  T H R E A D  ---------------

Current thread (0x000000000244d800):  JavaThread "Unknown thread" [_thread_in_vm, id=13452, stack(0x0000000002450000,0x0000000002550000)]

Stack: [0x0000000002450000,0x0000000002550000]
Native frames: (J=compiled Java code, j=interpreted, Vv=VM code, C=native code)
V  [jvm.dll+0x32b47a]
V  [jvm.dll+0x2797f3]
V  [jvm.dll+0x27a489]
V  [jvm.dll+0x2717a5]
V  [jvm.dll+0x1606]
V  [jvm.dll+0x3f7cf2]
V  [jvm.dll+0x3f868f]
V  [jvm.dll+0x3f875d]
V  [jvm.dll+0x3f8926]
V  [jvm.dll+0xf2c12]
V  [jvm.dll+0x20f139]
V  [jvm.dll+0x240d9a]
V  [jvm.dll+0x15b941]
C  [java.exe+0x216e]
C  [java.exe+0xcce7]
C  [java.exe+0xcd7b]
C  [KERNEL32.DLL+0x13d2]
C  [ntdll.dll+0x154e4]


---------------  P R O C E S S  ---------------

Java Threads: ( => current thread )

Other Threads:

=>0x000000000244d800 (exited) JavaThread "Unknown thread" [_thread_in_vm, id=13452, stack(0x0000000002450000,0x0000000002550000)]

VM state:not at safepoint (normal execution)

VM Mutex/Monitor currently owned by a thread: None

Heap:
 PSYoungGen      total 38400K, used 665K [0x00000000eab00000, 0x00000000ed580000, 0x0000000100000000)
  eden space 33280K, 2% used [0x00000000eab00000,0x00000000eaba6670,0x00000000ecb80000)
  from space 5120K, 0% used [0x00000000ed080000,0x00000000ed080000,0x00000000ed580000)
  to   space 5120K, 0% used [0x00000000ecb80000,0x00000000ecb80000,0x00000000ed080000)
 ParOldGen       total 87552K, used 0K [0x00000000c0000000, 0x00000000c5580000, 0x00000000eab00000)
  object space 87552K, 0% used [0x00000000c0000000,0x00000000c0000000,0x00000000c5580000)
 Metaspace       used 766K, capacity 4480K, committed 4480K, reserved 1056768K
  class space    used 75K, capacity 384K, committed 384K, reserved 1048576K

Card table byte_map: [0x0000000011a10000,0x0000000011c20000] byte_map_base: 0x0000000011410000

Marking Bits: (ParMarkBitMap*) 0x0000000068764040
 Begin Bits: [0x0000000012580000, 0x0000000013580000)
 End Bits:   [0x0000000013580000, 0x0000000014580000)

Polling page: 0x0000000000a60000

CodeCache: size=245760Kb used=328Kb max_used=328Kb free=245431Kb
 bounds [0x0000000002650000, 0x00000000028c0000, 0x0000000011650000]
 total_blobs=57 nmethods=0 adapters=37
 compilation: enabled

Compilation events (0 events):
No events

GC Heap History (0 events):
No events

Deoptimization events (0 events):
No events

Internal exceptions (0 events):
No events

Events (10 events):
Event: 0.103 loading class java/lang/Short
Event: 0.103 loading class java/lang/Short done
Event: 0.103 loading class java/lang/Integer
Event: 0.103 loading class java/lang/Integer done
Event: 0.103 loading class java/lang/Long
Event: 0.103 loading class java/lang/Long done
Event: 0.104 loading class java/lang/NullPointerException
Event: 0.105 loading class java/lang/NullPointerException done
Event: 0.105 loading class java/lang/ArithmeticException
Event: 0.105 loading class java/lang/ArithmeticException done


Dynamic libraries:
0x00007ff6082c0000 - 0x00007ff6082f7000 	C:\Program Files\Java\jdk1.8.0_40\bin\java.exe
0x00007ffe02a60000 - 0x00007ffe02c0d000 	C:\Windows\SYSTEM32\ntdll.dll
0x00007ffe02810000 - 0x00007ffe0294e000 	C:\Windows\system32\KERNEL32.DLL
0x00007ffdfffd0000 - 0x00007ffe000e5000 	C:\Windows\system32\KERNELBASE.dll
0x00007ffdfe760000 - 0x00007ffdfe7ee000 	C:\Windows\system32\apphelp.dll
0x00007ffdf2a90000 - 0x00007ffdf2ae3000 	C:\Windows\AppPatch\AppPatch64\AcGenral.DLL
0x00007ffe02760000 - 0x00007ffe0280a000 	C:\Windows\system32\msvcrt.dll
0x00007ffdffd10000 - 0x00007ffdffd3e000 	C:\Windows\system32\SspiCli.dll
0x00007ffe01e20000 - 0x00007ffe01e74000 	C:\Windows\system32\SHLWAPI.dll
0x00007ffe01ca0000 - 0x00007ffe01e17000 	C:\Windows\system32\USER32.dll
0x00007ffe02160000 - 0x00007ffe022f4000 	C:\Windows\system32\ole32.dll
0x00007ffe00760000 - 0x00007ffe01c8a000 	C:\Windows\system32\SHELL32.dll
0x00007ffdff150000 - 0x00007ffdff171000 	C:\Windows\SYSTEM32\USERENV.dll
0x00007ffe02950000 - 0x00007ffe029fa000 	C:\Windows\system32\ADVAPI32.dll
0x00007ffdf5540000 - 0x00007ffdf555e000 	C:\Windows\SYSTEM32\MPR.dll
0x00007ffe00370000 - 0x00007ffe004b0000 	C:\Windows\system32\RPCRT4.dll
0x00007ffe02520000 - 0x00007ffe02579000 	C:\Windows\SYSTEM32\sechost.dll
0x00007ffe02300000 - 0x00007ffe02511000 	C:\Windows\SYSTEM32\combase.dll
0x00007ffe005f0000 - 0x00007ffe00740000 	C:\Windows\system32\GDI32.dll
0x00007ffdffb90000 - 0x00007ffdffba5000 	C:\Windows\SYSTEM32\profapi.dll
0x00007ffdfe130000 - 0x00007ffdfe1e2000 	C:\Windows\SYSTEM32\SHCORE.dll
0x00007ffe02a20000 - 0x00007ffe02a56000 	C:\Windows\system32\IMM32.DLL
0x00007ffe01f40000 - 0x00007ffe02092000 	C:\Windows\system32\MSCTF.dll
0x00007ffdfdc90000 - 0x00007ffdfdf0b000 	C:\Windows\WinSxS\amd64_microsoft.windows.common-controls_6595b64144ccf1df_6.0.9600.18006_none_623f33d3ecbe86e8\COMCTL32.dll
0x0000000067ae0000 - 0x0000000067bb2000 	C:\Program Files\Java\jdk1.8.0_40\jre\bin\msvcr100.dll
0x0000000067f60000 - 0x00000000687e3000 	C:\Program Files\Java\jdk1.8.0_40\jre\bin\server\jvm.dll
0x00007ffdf59f0000 - 0x00007ffdf59f9000 	C:\Windows\SYSTEM32\WSOCK32.dll
0x00007ffdfd530000 - 0x00007ffdfd552000 	C:\Windows\SYSTEM32\WINMM.dll
0x00007ffdfd560000 - 0x00007ffdfd56a000 	C:\Windows\SYSTEM32\VERSION.dll
0x00007ffe00360000 - 0x00007ffe00367000 	C:\Windows\system32\PSAPI.DLL
0x00007ffe000f0000 - 0x00007ffe0014a000 	C:\Windows\system32\WS2_32.dll
0x00007ffdfd250000 - 0x00007ffdfd27a000 	C:\Windows\SYSTEM32\WINMMBASE.dll
0x00007ffe01c90000 - 0x00007ffe01c99000 	C:\Windows\system32\NSI.dll
0x00007ffdffcc0000 - 0x00007ffdffd0f000 	C:\Windows\SYSTEM32\cfgmgr32.dll
0x00007ffdfe9d0000 - 0x00007ffdfe9f8000 	C:\Windows\SYSTEM32\DEVOBJ.dll
0x0000000067f50000 - 0x0000000067f5f000 	C:\Program Files\Java\jdk1.8.0_40\jre\bin\verify.dll
0x0000000067f20000 - 0x0000000067f49000 	C:\Program Files\Java\jdk1.8.0_40\jre\bin\java.dll
0x0000000067f00000 - 0x0000000067f16000 	C:\Program Files\Java\jdk1.8.0_40\jre\bin\zip.dll
0x00007ffdfc1e0000 - 0x00007ffdfc369000 	C:\Windows\SYSTEM32\dbghelp.dll

VM Arguments:
jvm_args: -Djava.awt.headless=true -Xmx1024M -Dfile.encoding=windows-1250 -Duser.country=PL -Duser.language=pl -Duser.variant 
java_command: com.android.dx.command.Main --dex --force-jumbo --num-threads=4 --multi-dex --output C:\Users\Luki\AndroidStudioProjects\SKRU\app\build\intermediates\transforms\dex\debug\folders\1000\5\slice_4 C:\Users\Luki\AndroidStudioProjects\SKRU\app\build\intermediates\transforms\instantRunSlicer\debug\folders\1\5\slice_4
java_class_path (initial): C:\Users\Luki\AppData\Local\Android\sdk\build-tools\23.0.3\lib\dx.jar
Launcher Type: SUN_STANDARD

Environment Variables:
JAVA_HOME=C:\Program Files\Java\jdk1.8.0_40
PATH=C:\Users\Luki\apps\product\11.2.0\dbhome_1\bin;C:\apps\product\12.1.0\dbhome_1\bin;E:\app\Luki\product\12.1.0\dbhome_1\bin;C:\ProgramData\Oracle\Java\javapath;C:\Program Files (x86)\Intel\iCLS Client\;C:\Program Files\Intel\iCLS Client\;C:\Windows\system32;C:\Windows;C:\Windows\System32\Wbem;C:\Windows\System32\WindowsPowerShell\v1.0\;C:\Program Files\Intel\WiFi\bin\;C:\Program Files\Common Files\Intel\WirelessCommon\;C:\Program Files\Intel\Intel(R) Management Engine Components\DAL;C:\Program Files\Intel\Intel(R) Management Engine Components\IPT;C:\Program Files (x86)\Intel\Intel(R) Management Engine Components\DAL;C:\Program Files (x86)\Intel\Intel(R) Management Engine Components\IPT;C:\Program Files\Microsoft SQL Server\110\Tools\Binn\;C:\Program Files (x86)\NVIDIA Corporation\PhysX\Common;C:\Program Files (x86)\Bitvise SSH Client;C:\Windows\system32\config\systemprofile\.dnx\bin;C:\Program Files\Microsoft DNX\Dnvm\;C:\Program Files (x86)\Skype\Phone\;C:\hadoop-2.7.1\bin
USERNAME=Luki
OS=Windows_NT
PROCESSOR_IDENTIFIER=Intel64 Family 6 Model 60 Stepping 3, GenuineIntel



---------------  S Y S T E M  ---------------

OS: Windows 8.1 , 64 bit Build 9600 (6.3.9600.17415)

CPU:total 8 (4 cores per cpu, 2 threads per core) family 6 model 60 stepping 3, cmov, cx8, fxsr, mmx, sse, sse2, sse3, ssse3, sse4.1, sse4.2, popcnt, avx, avx2, aes, clmul, erms, lzcnt, ht, tsc, tscinvbit, bmi1, bmi2

Memory: 4k page, physical 8305372k(1223260k free), swap 11451100k(221864k free)

vm_info: Java HotSpot(TM) 64-Bit Server VM (25.40-b25) for windows-amd64 JRE (1.8.0_40-b26), built on Mar  7 2015 13:51:59 by "java_re" with MS VC++ 10.0 (VS2010)

time: Sat May 14 17:54:18 2016
elapsed time: 0 seconds (0d 0h 0m 0s)

